❯ python train_2d.py
<frozen importlib._bootstrap_external>:1324: FutureWarning: The cuda.cudart module is deprecated and will be removed in a future release, please switch to use the cuda.bindings.runtime module instead.
MONAI version: 1.5.2
Numpy version: 2.4.3
Pytorch version: 2.10.0+cu128
MONAI flags: HAS_EXT = False, USE_COMPILED = False, USE_META_DICT = False
MONAI rev id: d18565fb3e4fd8c556707f91ac280a2dc3f681c1
MONAI __file__: /home/<username>/.virtualenvs/monai/lib/python3.13/site-packages/monai/__init__.py

Optional dependencies:
Pytorch Ignite version: 0.4.11
ITK version: 5.4.5
Nibabel version: 5.4.2
scikit-image version: 0.26.0
scipy version: 1.17.1
Pillow version: 12.1.1
Tensorboard version: 2.20.0
gdown version: 5.2.1
TorchVision version: 0.25.0+cu128
tqdm version: 4.67.3
lmdb version: 2.1.1
psutil version: 7.2.2
pandas version: 2.3.3
einops version: 0.8.2
transformers version: NOT INSTALLED or UNKNOWN VERSION.
mlflow version: 3.10.1
pynrrd version: 1.1.3
clearml version: 2.1.4rc1

For details about installing the optional dependencies, please visit:
    https://docs.monai.io/en/latest/installation.html#installing-the-recommended-dependencies

2026-03-22 15:43:36,514 - INFO - AutoRunner using work directory /media/smbshare/srs-9/prl_project/training/roi_train2/run3
2026-03-22 15:43:36,742 - INFO - Found num_fold 5 based on the input datalist /media/smbshare/srs-9/prl_project/training/roi_train2/run3/datalist_flair.phase_xy20_z2.json.
2026-03-22 15:43:36,742 - INFO - Setting num_fold 5 based on the input datalist /media/smbshare/srs-9/prl_project/training/roi_train2/run3/datalist_flair.phase_xy20_z2.json.
2026-03-22 15:43:36,766 - INFO - Using user defined command running prefix , will override other settings
2026-03-22 15:43:36,766 - INFO - Skipping data analysis...
2026-03-22 15:43:36,766 - INFO - Skipping algorithm generation...
2026-03-22 15:43:36,766 - INFO - Skipping algorithm training...
2026-03-22 15:43:36,766 - INFO - Ensembling using single GPU!
2026-03-22 15:43:36,766 - INFO - The output_dir is not specified. /media/smbshare/srs-9/prl_project/training/roi_train2/run3/ensemble_output will be used to save ensemble predictions.
2026-03-22 15:43:36,926 - INFO - Auto3Dseg picked the following networks to ensemble:
2026-03-22 15:43:36,926 - INFO - segresnet_0
2026-03-22 15:43:36,926 - INFO - segresnet_1
2026-03-22 15:43:36,926 - INFO - segresnet_2
2026-03-22 15:43:36,926 - INFO - segresnet_3
2026-03-22 15:43:36,926 - INFO - segresnet_4
2026-03-22 15:43:36,926 - INFO - Auto3Dseg ensemble prediction outputs will be saved in /media/smbshare/srs-9/prl_project/training/roi_train2/run3/ensemble_output.
Ensembling (rank 0)...:   0%|                                                                                                                                                               | 0/197 [00:00<?, ?it/s]monai.metrics.meandice DiceHelper.__init__:sigmoid: Argument `sigmoid` has been deprecated since version 1.5. It will be removed in version 1.7. Use `threshold` instead.
`torch.cuda.amp.GradScaler(args...)` is deprecated. Please use `torch.amp.GradScaler('cuda', args...)` instead.
monai.transforms.spatial.dictionary Orientationd.__init__:labels: Current default value of argument `labels=(('L', 'R'), ('P', 'A'), ('I', 'S'))` was changed in version None from `labels=(('L', 'R'), ('P', 'A'), ('I', 'S'))` to `labels=None`. Default value changed to None meaning that the transform now uses the 'space' of a meta-tensor, if applicable, to determine appropriate axis labels.
`torch.cuda.amp.autocast(args...)` is deprecated. Please use `torch.amp.autocast('cuda', args...)` instead.
Using a non-tuple sequence for multidimensional indexing is deprecated and will be changed in pytorch 2.9; use x[tuple(seq)] instead of x[seq]. In pytorch 2.9 this will be interpreted as tensor index, x[torch.tensor(seq)], which will result either in an error or a different result (Triggered internally at /pytorch/torch/csrc/autograd/python_variable_indexing.cpp:347.)
Using a non-tuple sequence for multidimensional indexing is deprecated and will be changed in pytorch 2.9; use x[tuple(seq)] instead of x[seq]. In pytorch 2.9 this will be interpreted as tensor index, x[torch.tensor(seq)], which will result either in an error or a different result (Triggered internally at /pytorch/torch/csrc/autograd/python_variable_indexing.cpp:347.)
Ensembling (rank 0)...:   2%|██▎                                                                                                                                                    | 3/197 [00:15<14:21,  4.44s/it]Ensembling (rank 0)...:   2%|██▎                                                                                                                                                    | 3/197 [00:15<17:04,  5.28s/it]